This is pdfTeX, Version 3.14159265-2.6-1.40.20 (MiKTeX 2.9.7050 64-bit) (preloaded format=pdflatex 2019.7.22)  22 JUL 2019 23:25
entering extended mode
**./refman.tex
(refman.tex
LaTeX2e <2018-12-01>
("C:\Users\Maksim\AppData\Local\Programs\MiKTeX 2.9\tex/latex/base\book.cls"
Document Class: book 2018/09/03 v1.4i Standard LaTeX document class
("C:\Users\Maksim\AppData\Local\Programs\MiKTeX 2.9\tex/latex/base\bk10.clo"
File: bk10.clo 2018/09/03 v1.4i Standard LaTeX file (size option)
)
\c@part=\count80
\c@chapter=\count81
\c@section=\count82
\c@subsection=\count83
\c@subsubsection=\count84
\c@paragraph=\count85
\c@subparagraph=\count86
\c@figure=\count87
\c@table=\count88
\abovecaptionskip=\skip41
\belowcaptionskip=\skip42
\bibindent=\dimen102
)
("C:\Users\Maksim\AppData\Local\Programs\MiKTeX 2.9\tex/latex/base\fixltx2e.sty
"
Package: fixltx2e 2016/12/29 v2.1a fixes to LaTeX (obsolete)
Applying: [2015/01/01] Old fixltx2e package on input line 46.


Package fixltx2e Warning: fixltx2e is not required with releases after 2015
(fixltx2e)                All fixes are now in the LaTeX kernel.
(fixltx2e)                See the latexrelease package for details.

Already applied: [0000/00/00] Old fixltx2e package on input line 53.
) ("C:\Users\Maksim\AppData\Local\Programs\MiKTeX 2.9\tex/latex/tools\calc.sty"
Package: calc 2017/05/25 v4.3 Infix arithmetic (KKT,FJ)
\calc@Acount=\count89
\calc@Bcount=\count90
\calc@Adimen=\dimen103
\calc@Bdimen=\dimen104
\calc@Askip=\skip43
\calc@Bskip=\skip44
LaTeX Info: Redefining \setlength on input line 80.
LaTeX Info: Redefining \addtolength on input line 81.
\calc@Ccount=\count91
\calc@Cskip=\skip45
) (doxygen.sty
Package: doxygen 

("C:\Users\Maksim\AppData\Local\Programs\MiKTeX 2.9\tex/latex/base\alltt.sty"
Package: alltt 1997/06/16 v2.0g defines alltt environment
)
("C:\Users\Maksim\AppData\Local\Programs\MiKTeX 2.9\tex/latex/tools\array.sty"
Package: array 2018/12/30 v2.4k Tabular extension package (FMi)
\col@sep=\dimen105
\ar@mcellbox=\box27
\extrarowheight=\dimen106
\NC@list=\toks14
\extratabsurround=\skip46
\backup@length=\skip47
\ar@cellbox=\box28
) ("C:\Users\Maksim\AppData\Local\Programs\MiKTeX 2.9\tex/latex/float\float.sty
"
Package: float 2001/11/08 v1.3d Float enhancements (AL)
\c@float@type=\count92
\float@exts=\toks15
\float@box=\box29
\@float@everytoks=\toks16
\@floatcapt=\box30
) ("C:\Users\Maksim\AppData\Local\Programs\MiKTeX 2.9\tex/latex/base\ifthen.sty
"
Package: ifthen 2014/09/29 v1.1c Standard LaTeX ifthen package (DPC)
)
("C:\Users\Maksim\AppData\Local\Programs\MiKTeX 2.9\tex/latex/tools\verbatim.st
y"
Package: verbatim 2014/10/28 v1.5q LaTeX2e package for verbatim enhancements
\every@verbatim=\toks17
\verbatim@line=\toks18
\verbatim@in@stream=\read1
)
("C:\Users\Maksim\AppData\Local\Programs\MiKTeX 2.9\tex/latex/xcolor\xcolor.sty
"
Package: xcolor 2016/05/11 v2.12 LaTeX color extensions (UK)

("C:\Users\Maksim\AppData\Local\Programs\MiKTeX 2.9\tex/latex/graphics-cfg\colo
r.cfg"
File: color.cfg 2016/01/02 v1.6 sample color configuration
)
Package xcolor Info: Driver file: pdftex.def on input line 225.

("C:\Users\Maksim\AppData\Local\Programs\MiKTeX 2.9\tex/latex/graphics-def\pdft
ex.def"
File: pdftex.def 2018/01/08 v1.0l Graphics/color driver for pdftex
)
("C:\Users\Maksim\AppData\Local\Programs\MiKTeX 2.9\tex/latex/colortbl\colortbl
.sty"
Package: colortbl 2018/12/12 v1.0d Color table columns (DPC)
\everycr=\toks19
\minrowclearance=\skip48
)
\rownum=\count93
Package xcolor Info: Model `cmy' substituted by `cmy0' on input line 1348.
Package xcolor Info: Model `hsb' substituted by `rgb' on input line 1352.
Package xcolor Info: Model `RGB' extended on input line 1364.
Package xcolor Info: Model `HTML' substituted by `rgb' on input line 1366.
Package xcolor Info: Model `Hsb' substituted by `hsb' on input line 1367.
Package xcolor Info: Model `tHsb' substituted by `hsb' on input line 1368.
Package xcolor Info: Model `HSB' substituted by `hsb' on input line 1369.
Package xcolor Info: Model `Gray' substituted by `gray' on input line 1370.
Package xcolor Info: Model `wave' substituted by `hsb' on input line 1371.
)
("C:\Users\Maksim\AppData\Local\Programs\MiKTeX 2.9\tex/latex/tools\longtable.s
ty"
Package: longtable 2014/10/28 v4.11 Multi-page Table package (DPC)+ FMi change
\LTleft=\skip49
\LTright=\skip50
\LTpre=\skip51
\LTpost=\skip52
\LTchunksize=\count94
\LTcapwidth=\dimen107
\LT@head=\box31
\LT@firsthead=\box32
\LT@foot=\box33
\LT@lastfoot=\box34
\LT@cols=\count95
\LT@rows=\count96
\c@LT@tables=\count97
\c@LT@chunks=\count98
\LT@p@ftn=\toks20
) ("C:\Users\Maksim\AppData\Local\Programs\MiKTeX 2.9\tex/latex/tabu\tabu.sty"
Package: tabu 2019/01/11 v2.9 - flexible LaTeX tabulars (FC+tabu-fixed)

("C:\Users\Maksim\AppData\Local\Programs\MiKTeX 2.9\tex/latex/varwidth\varwidth
.sty"
Package: varwidth 2009/03/30 ver 0.92;  Variable-width minipages
\@vwid@box=\box35
\sift@deathcycles=\count99
\@vwid@loff=\dimen108
\@vwid@roff=\dimen109
)
\c@taburow=\count100
\tabu@nbcols=\count101
\tabu@cnt=\count102
\tabu@Xcol=\count103
\tabu@alloc=\count104
\tabu@nested=\count105
\tabu@target=\dimen110
\tabu@spreadtarget=\dimen111
\tabu@naturalX=\dimen112
\tabucolX=\dimen113
\tabu@Xsum=\dimen114
\extrarowdepth=\dimen115
\abovetabulinesep=\dimen116
\belowtabulinesep=\dimen117
\tabustrutrule=\dimen118
\tabu@thebody=\toks21
\tabu@footnotes=\toks22
\tabu@box=\box36
\tabu@arstrutbox=\box37
\tabu@hleads=\box38
\tabu@vleads=\box39
\tabu@cellskip=\skip53
)
("C:\Users\Maksim\AppData\Local\Programs\MiKTeX 2.9\tex/latex/fancyvrb\fancyvrb
.sty"
Package: fancyvrb 2019/01/15
 Style option: `fancyvrb' v3.2a <2019/01/15> (tvz)
("C:\Users\Maksim\AppData\Local\Programs\MiKTeX 2.9\tex/latex/graphics\keyval.s
ty"
Package: keyval 2014/10/28 v1.15 key=value parser (DPC)
\KV@toks@=\toks23
)
\FV@CodeLineNo=\count106
\FV@InFile=\read2
\FV@TabBox=\box40
\c@FancyVerbLine=\count107
\FV@StepNumber=\count108
\FV@OutFile=\write3
)
("C:\Users\Maksim\AppData\Local\Programs\MiKTeX 2.9\tex/latex/tools\tabularx.st
y"
Package: tabularx 2016/02/03 v2.11b `tabularx' package (DPC)
\TX@col@width=\dimen119
\TX@old@table=\dimen120
\TX@old@col=\dimen121
\TX@target=\dimen122
\TX@delta=\dimen123
\TX@cols=\count109
\TX@ftn=\toks24
)
("C:\Users\Maksim\AppData\Local\Programs\MiKTeX 2.9\tex/latex/multirow\multirow
.sty"
Package: multirow 2019/05/31 v2.5 Span multiple rows of a table
\multirow@colwidth=\skip54
\multirow@cntb=\count110
\multirow@dima=\skip55
\bigstrutjot=\dimen124
)
("C:\Users\Maksim\AppData\Local\Programs\MiKTeX 2.9\tex/latex/hanging\hanging.s
ty"
Package: hanging 2009/09/02 v1.2b hanging paragraphs and punctuation
\h@ngcommawd=\skip56
\h@ngfstopwd=\skip57
\h@ngquotewd=\skip58
\h@ngdquotewd=\skip59
\h@ngquerywd=\skip60
\h@ngexclwd=\skip61
\h@ngcolonwd=\skip62
\h@ngscolonwd=\skip63
)
("C:\Users\Maksim\AppData\Local\Programs\MiKTeX 2.9\tex/generic/oberdiek\ifpdf.
sty"
Package: ifpdf 2018/09/07 v3.3 Provides the ifpdf switch
)
("C:\Users\Maksim\AppData\Local\Programs\MiKTeX 2.9\tex/latex/adjustbox\adjustb
ox.sty"
Package: adjustbox 2019/01/04 v1.2 Adjusting TeX boxes (trim, clip, ...)

("C:\Users\Maksim\AppData\Local\Programs\MiKTeX 2.9\tex/latex/xkeyval\xkeyval.s
ty"
Package: xkeyval 2014/12/03 v2.7a package option processing (HA)

("C:\Users\Maksim\AppData\Local\Programs\MiKTeX 2.9\tex/generic/xkeyval\xkeyval
.tex"
("C:\Users\Maksim\AppData\Local\Programs\MiKTeX 2.9\tex/generic/xkeyval\xkvutil
s.tex"
\XKV@toks=\toks25
\XKV@tempa@toks=\toks26
)
\XKV@depth=\count111
File: xkeyval.tex 2014/12/03 v2.7a key=value parser (HA)
))
("C:\Users\Maksim\AppData\Local\Programs\MiKTeX 2.9\tex/latex/adjustbox\adjcalc
.sty"
Package: adjcalc 2012/05/16 v1.1 Provides advanced setlength with multiple back
-ends (calc, etex, pgfmath)
)
("C:\Users\Maksim\AppData\Local\Programs\MiKTeX 2.9\tex/latex/adjustbox\trimcli
p.sty"
Package: trimclip 2018/04/08 v1.1 Trim and clip general TeX material

("C:\Users\Maksim\AppData\Local\Programs\MiKTeX 2.9\tex/latex/graphics\graphicx
.sty"
Package: graphicx 2017/06/01 v1.1a Enhanced LaTeX Graphics (DPC,SPQR)

("C:\Users\Maksim\AppData\Local\Programs\MiKTeX 2.9\tex/latex/graphics\graphics
.sty"
Package: graphics 2017/06/25 v1.2c Standard LaTeX Graphics (DPC,SPQR)

("C:\Users\Maksim\AppData\Local\Programs\MiKTeX 2.9\tex/latex/graphics\trig.sty
"
Package: trig 2016/01/03 v1.10 sin cos tan (DPC)
)
("C:\Users\Maksim\AppData\Local\Programs\MiKTeX 2.9\tex/latex/graphics-cfg\grap
hics.cfg"
File: graphics.cfg 2016/06/04 v1.11 sample graphics configuration
)
Package graphics Info: Driver file: pdftex.def on input line 99.
)
\Gin@req@height=\dimen125
\Gin@req@width=\dimen126
)
("C:\Users\Maksim\AppData\Local\Programs\MiKTeX 2.9\tex/latex/collectbox\collec
tbox.sty"
Package: collectbox 2012/05/17 v0.4b Collect macro arguments as boxes
\collectedbox=\box41
)
\tc@llx=\dimen127
\tc@lly=\dimen128
\tc@urx=\dimen129
\tc@ury=\dimen130
Package trimclip Info: Using driver 'tc-pdftex.def'.

("C:\Users\Maksim\AppData\Local\Programs\MiKTeX 2.9\tex/latex/adjustbox\tc-pdft
ex.def"
File: tc-pdftex.def 2019/01/04 v2.2 Clipping driver for pdftex
))
\adjbox@Width=\dimen131
\adjbox@Height=\dimen132
\adjbox@Depth=\dimen133
\adjbox@Totalheight=\dimen134
\adjbox@pwidth=\dimen135
\adjbox@pheight=\dimen136
\adjbox@pdepth=\dimen137
\adjbox@ptotalheight=\dimen138

("C:\Users\Maksim\AppData\Local\Programs\MiKTeX 2.9\tex/latex/ifoddpage\ifoddpa
ge.sty"
Package: ifoddpage 2016/04/23 v1.1 Conditionals for odd/even page detection
\c@checkoddpage=\count112
))
("C:\Users\Maksim\AppData\Local\Programs\MiKTeX 2.9\tex/latex/amsfonts\amssymb.
sty"
Package: amssymb 2013/01/14 v3.01 AMS font symbols

("C:\Users\Maksim\AppData\Local\Programs\MiKTeX 2.9\tex/latex/amsfonts\amsfonts
.sty"
Package: amsfonts 2013/01/14 v3.01 Basic AMSFonts support
\@emptytoks=\toks27
\symAMSa=\mathgroup4
\symAMSb=\mathgroup5
LaTeX Font Info:    Overwriting math alphabet `\mathfrak' in version `bold'
(Font)                  U/euf/m/n --> U/euf/b/n on input line 106.
))
("C:\Users\Maksim\AppData\Local\Programs\MiKTeX 2.9\tex/latex/stackengine\stack
engine.sty"
Package: stackengine 2017/02/13 v4.01\ Stacking text and objects in convenient 
ways

("C:\Users\Maksim\AppData\Local\Programs\MiKTeX 2.9\tex/latex/etoolbox\etoolbox
.sty"
Package: etoolbox 2018/08/19 v2.5f e-TeX tools for LaTeX (JAW)
\etb@tempcnta=\count113
)
("C:\Users\Maksim\AppData\Local\Programs\MiKTeX 2.9\tex/latex/listofitems\listo
fitems.sty"
("C:\Users\Maksim\AppData\Local\Programs\MiKTeX 2.9\tex/generic/listofitems\lis
tofitems.tex"
\loi_cnt_foreach_nest=\count114
\loi_nestcnt=\count115
)
Package: listofitems 2019/05/18 v1.62 Grab items in lists using user-specified 
sep char (CT)
)
\c@@stackindex=\count116
\@boxshift=\skip64
\stack@tmplength=\skip65
\temp@stkl=\skip66
\@stackedboxwidth=\skip67
\@addedbox=\box42
\@anchorbox=\box43
\stackedbox=\box44
\@centerbox=\box45
\c@ROWcellindex@=\count117
)
("C:\Users\Maksim\AppData\Local\Programs\MiKTeX 2.9\tex/latex/ulem\ulem.sty"
\UL@box=\box46
\UL@hyphenbox=\box47
\UL@skip=\skip68
\UL@hook=\toks28
\UL@height=\dimen139
\UL@pe=\count118
\UL@pixel=\dimen140
\ULC@box=\box48
Package: ulem 2012/05/18
\ULdepth=\dimen141
)
\xrefbox=\box49
\xreflength=\skip69
\CodeWidthChar=\skip70
\CodeHeightChar=\skip71
\DoxyCodeWidth=\skip72
)
("C:\Users\Maksim\AppData\Local\Programs\MiKTeX 2.9\tex/latex/base\inputenc.sty
"
Package: inputenc 2018/08/11 v1.3c Input encoding file
\inpenc@prehook=\toks29
\inpenc@posthook=\toks30
)
("C:\Users\Maksim\AppData\Local\Programs\MiKTeX 2.9\tex/latex/base\makeidx.sty"
Package: makeidx 2014/09/29 v1.0m Standard LaTeX package
)
("C:\Users\Maksim\AppData\Local\Programs\MiKTeX 2.9\tex/latex/tools\multicol.st
y"
Package: multicol 2018/12/27 v1.8v multicolumn formatting (FMi)
\c@tracingmulticols=\count119
\mult@box=\box50
\multicol@leftmargin=\dimen142
\c@unbalance=\count120
\c@collectmore=\count121
\doublecol@number=\count122
\multicoltolerance=\count123
\multicolpretolerance=\count124
\full@width=\dimen143
\page@free=\dimen144
\premulticols=\dimen145
\postmulticols=\dimen146
\multicolsep=\skip73
\multicolbaselineskip=\skip74
\partial@page=\box51
\last@line=\box52
\maxbalancingoverflow=\dimen147
\mult@rightbox=\box53
\mult@grightbox=\box54
\mult@gfirstbox=\box55
\mult@firstbox=\box56
\@tempa=\box57
\@tempa=\box58
\@tempa=\box59
\@tempa=\box60
\@tempa=\box61
\@tempa=\box62
\@tempa=\box63
\@tempa=\box64
\@tempa=\box65
\@tempa=\box66
\@tempa=\box67
\@tempa=\box68
\@tempa=\box69
\@tempa=\box70
\@tempa=\box71
\@tempa=\box72
\@tempa=\box73
\c@columnbadness=\count125
\c@finalcolumnbadness=\count126
\last@try=\dimen148
\multicolovershoot=\dimen149
\multicolundershoot=\dimen150
\mult@nat@firstbox=\box74
\colbreak@box=\box75
\mc@col@check@num=\count127
)
("C:\Users\Maksim\AppData\Local\Programs\MiKTeX 2.9\tex/latex/base\textcomp.sty
"
Package: textcomp 2018/08/11 v2.0j Standard LaTeX package
Package textcomp Info: Sub-encoding information:
(textcomp)               5 = only ISO-Adobe without \textcurrency
(textcomp)               4 = 5 + \texteuro
(textcomp)               3 = 4 + \textohm
(textcomp)               2 = 3 + \textestimated + \textcurrency
(textcomp)               1 = TS1 - \textcircled - \t
(textcomp)               0 = TS1 (full)
(textcomp)             Font families with sub-encoding setting implement
(textcomp)             only a restricted character set as indicated.
(textcomp)             Family '?' is the default used for unknown fonts.
(textcomp)             See the documentation for details.
Package textcomp Info: Setting ? sub-encoding to TS1/1 on input line 79.
 ("C:\Users\Maksim\AppData\Local\Programs\MiKTeX 2.9\tex/latex/base\ts1enc.def"
File: ts1enc.def 2001/06/05 v3.0e (jk/car/fm) Standard LaTeX file
Now handling font encoding TS1 ...
... processing UTF-8 mapping file for font encoding TS1
 ("C:\Users\Maksim\AppData\Local\Programs\MiKTeX 2.9\tex/latex/base\ts1enc.dfu"
File: ts1enc.dfu 2018/10/05 v1.2f UTF-8 support for inputenc
   defining Unicode char U+00A2 (decimal 162)
   defining Unicode char U+00A3 (decimal 163)
   defining Unicode char U+00A4 (decimal 164)
   defining Unicode char U+00A5 (decimal 165)
   defining Unicode char U+00A6 (decimal 166)
   defining Unicode char U+00A7 (decimal 167)
   defining Unicode char U+00A8 (decimal 168)
   defining Unicode char U+00A9 (decimal 169)
   defining Unicode char U+00AA (decimal 170)
   defining Unicode char U+00AC (decimal 172)
   defining Unicode char U+00AE (decimal 174)
   defining Unicode char U+00AF (decimal 175)
   defining Unicode char U+00B0 (decimal 176)
   defining Unicode char U+00B1 (decimal 177)
   defining Unicode char U+00B2 (decimal 178)
   defining Unicode char U+00B3 (decimal 179)
   defining Unicode char U+00B4 (decimal 180)
   defining Unicode char U+00B5 (decimal 181)
   defining Unicode char U+00B6 (decimal 182)
   defining Unicode char U+00B7 (decimal 183)
   defining Unicode char U+00B9 (decimal 185)
   defining Unicode char U+00BA (decimal 186)
   defining Unicode char U+00BC (decimal 188)
   defining Unicode char U+00BD (decimal 189)
   defining Unicode char U+00BE (decimal 190)
   defining Unicode char U+00D7 (decimal 215)
   defining Unicode char U+00F7 (decimal 247)
   defining Unicode char U+0192 (decimal 402)
   defining Unicode char U+02C7 (decimal 711)
   defining Unicode char U+02D8 (decimal 728)
   defining Unicode char U+02DD (decimal 733)
   defining Unicode char U+0E3F (decimal 3647)
   defining Unicode char U+2016 (decimal 8214)
   defining Unicode char U+2020 (decimal 8224)
   defining Unicode char U+2021 (decimal 8225)
   defining Unicode char U+2022 (decimal 8226)
   defining Unicode char U+2030 (decimal 8240)
   defining Unicode char U+2031 (decimal 8241)
   defining Unicode char U+203B (decimal 8251)
   defining Unicode char U+203D (decimal 8253)
   defining Unicode char U+2044 (decimal 8260)
   defining Unicode char U+204E (decimal 8270)
   defining Unicode char U+2052 (decimal 8274)
   defining Unicode char U+20A1 (decimal 8353)
   defining Unicode char U+20A4 (decimal 8356)
   defining Unicode char U+20A6 (decimal 8358)
   defining Unicode char U+20A9 (decimal 8361)
   defining Unicode char U+20AB (decimal 8363)
   defining Unicode char U+20AC (decimal 8364)
   defining Unicode char U+20B1 (decimal 8369)
   defining Unicode char U+2103 (decimal 8451)
   defining Unicode char U+2116 (decimal 8470)
   defining Unicode char U+2117 (decimal 8471)
   defining Unicode char U+211E (decimal 8478)
   defining Unicode char U+2120 (decimal 8480)
   defining Unicode char U+2122 (decimal 8482)
   defining Unicode char U+2126 (decimal 8486)
   defining Unicode char U+2127 (decimal 8487)
   defining Unicode char U+212E (decimal 8494)
   defining Unicode char U+2190 (decimal 8592)
   defining Unicode char U+2191 (decimal 8593)
   defining Unicode char U+2192 (decimal 8594)
   defining Unicode char U+2193 (decimal 8595)
   defining Unicode char U+2329 (decimal 9001)
   defining Unicode char U+232A (decimal 9002)
   defining Unicode char U+2422 (decimal 9250)
   defining Unicode char U+25E6 (decimal 9702)
   defining Unicode char U+25EF (decimal 9711)
   defining Unicode char U+266A (decimal 9834)
   defining Unicode char U+FEFF (decimal 65279)
))
LaTeX Info: Redefining \oldstylenums on input line 334.
Package textcomp Info: Setting cmr sub-encoding to TS1/0 on input line 349.
Package textcomp Info: Setting cmss sub-encoding to TS1/0 on input line 350.
Package textcomp Info: Setting cmtt sub-encoding to TS1/0 on input line 351.
Package textcomp Info: Setting cmvtt sub-encoding to TS1/0 on input line 352.
Package textcomp Info: Setting cmbr sub-encoding to TS1/0 on input line 353.
Package textcomp Info: Setting cmtl sub-encoding to TS1/0 on input line 354.
Package textcomp Info: Setting ccr sub-encoding to TS1/0 on input line 355.
Package textcomp Info: Setting ptm sub-encoding to TS1/4 on input line 356.
Package textcomp Info: Setting pcr sub-encoding to TS1/4 on input line 357.
Package textcomp Info: Setting phv sub-encoding to TS1/4 on input line 358.
Package textcomp Info: Setting ppl sub-encoding to TS1/3 on input line 359.
Package textcomp Info: Setting pag sub-encoding to TS1/4 on input line 360.
Package textcomp Info: Setting pbk sub-encoding to TS1/4 on input line 361.
Package textcomp Info: Setting pnc sub-encoding to TS1/4 on input line 362.
Package textcomp Info: Setting pzc sub-encoding to TS1/4 on input line 363.
Package textcomp Info: Setting bch sub-encoding to TS1/4 on input line 364.
Package textcomp Info: Setting put sub-encoding to TS1/5 on input line 365.
Package textcomp Info: Setting uag sub-encoding to TS1/5 on input line 366.
Package textcomp Info: Setting ugq sub-encoding to TS1/5 on input line 367.
Package textcomp Info: Setting ul8 sub-encoding to TS1/4 on input line 368.
Package textcomp Info: Setting ul9 sub-encoding to TS1/4 on input line 369.
Package textcomp Info: Setting augie sub-encoding to TS1/5 on input line 370.
Package textcomp Info: Setting dayrom sub-encoding to TS1/3 on input line 371.
Package textcomp Info: Setting dayroms sub-encoding to TS1/3 on input line 372.

Package textcomp Info: Setting pxr sub-encoding to TS1/0 on input line 373.
Package textcomp Info: Setting pxss sub-encoding to TS1/0 on input line 374.
Package textcomp Info: Setting pxtt sub-encoding to TS1/0 on input line 375.
Package textcomp Info: Setting txr sub-encoding to TS1/0 on input line 376.
Package textcomp Info: Setting txss sub-encoding to TS1/0 on input line 377.
Package textcomp Info: Setting txtt sub-encoding to TS1/0 on input line 378.
Package textcomp Info: Setting lmr sub-encoding to TS1/0 on input line 379.
Package textcomp Info: Setting lmdh sub-encoding to TS1/0 on input line 380.
Package textcomp Info: Setting lmss sub-encoding to TS1/0 on input line 381.
Package textcomp Info: Setting lmssq sub-encoding to TS1/0 on input line 382.
Package textcomp Info: Setting lmvtt sub-encoding to TS1/0 on input line 383.
Package textcomp Info: Setting lmtt sub-encoding to TS1/0 on input line 384.
Package textcomp Info: Setting qhv sub-encoding to TS1/0 on input line 385.
Package textcomp Info: Setting qag sub-encoding to TS1/0 on input line 386.
Package textcomp Info: Setting qbk sub-encoding to TS1/0 on input line 387.
Package textcomp Info: Setting qcr sub-encoding to TS1/0 on input line 388.
Package textcomp Info: Setting qcs sub-encoding to TS1/0 on input line 389.
Package textcomp Info: Setting qpl sub-encoding to TS1/